E402 Module level import not at top of file
 --> tests\test_hello_api.py:5:1
  |
3 | fastapi = pytest.importorskip("fastapi")
4 |
5 | from fastapi.responses import PlainTextResponse
  | ^^^^^^^^^^^^^^^^^^^^^^^^^^^^^^^^^^^^^^^^^^^^^^^
6 | from fastapi.testclient import TestClient
  |

E402 Module level import not at top of file
 --> tests\test_hello_api.py:6:1
  |
5 | from fastapi.responses import PlainTextResponse
6 | from fastapi.testclient import TestClient
  | ^^^^^^^^^^^^^^^^^^^^^^^^^^^^^^^^^^^^^^^^^
7 |
8 | from app.api.hello import get_hello_response, router
  |

E402 Module level import not at top of file
 --> tests\test_hello_api.py:8:1
  |
6 | from fastapi.testclient import TestClient
7 |
8 | from app.api.hello import get_hello_response, router
  | ^^^^^^^^^^^^^^^^^^^^^^^^^^^^^^^^^^^^^^^^^^^^^^^^^^^^
9 | from app.main import app
  |

E402 Module level import not at top of file
 --> tests\test_hello_api.py:9:1
  |
8 | from app.api.hello import get_hello_response, router
9 | from app.main import app
  | ^^^^^^^^^^^^^^^^^^^^^^^^
  |

Found 4 errors.

EXIT_CODE=1
