<PYTHON_HOME>\pythoncore-3.14-64\Lib\site-packages\pytest_asyncio\plugin.py:247: PytestDeprecationWarning: The configuration option "asyncio_default_fixture_loop_scope" is unset.
The event loop scope for asynchronous fixtures will default to the fixture caching scope. Future versions of pytest-asyncio will default the loop scope for asynchronous fixtures to function scope. Set the default fixture loop scope explicitly in order to avoid unexpected behavior in the future. Valid fixture loop scopes are: "function", "class", "module", "package", "session"

  warnings.warn(PytestDeprecationWarning(_DEFAULT_FIXTURE_LOOP_SCOPE_UNSET))
============================= test session starts =============================
platform win32 -- Python 3.14.3, pytest-8.3.4, pluggy-1.6.0
rootdir: <QA_WORKSPACE>\backend
plugins: anyio-4.12.1, langsmith-0.7.23, asyncio-1.3.0
asyncio: mode=Mode.STRICT, debug=False, asyncio_default_fixture_loop_scope=None, asyncio_default_test_loop_scope=function
collected 2 items

tests\test_hello_api.py ..                                               [100%]

============================== warnings summary ===============================
..\..\..\..\..\..\..\AppData\Local\Python\pythoncore-3.14-64\Lib\site-packages\fastapi\routing.py:233
..\..\..\..\..\..\..\AppData\Local\Python\pythoncore-3.14-64\Lib\site-packages\fastapi\routing.py:233
  <PYTHON_HOME>\pythoncore-3.14-64\Lib\site-packages\fastapi\routing.py:233: DeprecationWarning: 'asyncio.iscoroutinefunction' is deprecated and slated for removal in Python 3.16; use inspect.iscoroutinefunction() instead
    is_coroutine = asyncio.iscoroutinefunction(dependant.call)

..\..\..\..\..\..\..\AppData\Local\Python\pythoncore-3.14-64\Lib\site-packages\starlette\_utils.py:39
..\..\..\..\..\..\..\AppData\Local\Python\pythoncore-3.14-64\Lib\site-packages\starlette\_utils.py:39
..\..\..\..\..\..\..\AppData\Local\Python\pythoncore-3.14-64\Lib\site-packages\starlette\_utils.py:39
..\..\..\..\..\..\..\AppData\Local\Python\pythoncore-3.14-64\Lib\site-packages\starlette\_utils.py:39
..\..\..\..\..\..\..\AppData\Local\Python\pythoncore-3.14-64\Lib\site-packages\starlette\_utils.py:39
..\..\..\..\..\..\..\AppData\Local\Python\pythoncore-3.14-64\Lib\site-packages\starlette\_utils.py:39
tests/test_hello_api.py::test_IT_001_get_hello_returns_200_text_plain_and_hello
tests/test_hello_api.py::test_IT_001_get_hello_returns_200_text_plain_and_hello
  <PYTHON_HOME>\pythoncore-3.14-64\Lib\site-packages\starlette\_utils.py:39: DeprecationWarning: 'asyncio.iscoroutinefunction' is deprecated and slated for removal in Python 3.16; use inspect.iscoroutinefunction() instead
    return asyncio.iscoroutinefunction(obj) or (callable(obj) and asyncio.iscoroutinefunction(obj.__call__))

-- Docs: https://docs.pytest.org/en/stable/how-to/capture-warnings.html
======================= 2 passed, 10 warnings in 0.27s ========================

EXIT_CODE=0
